<?xml version="1.0" encoding="UTF-8"?>
<!-- Generated by org.testng.reporters.JUnitReportReporter -->
<testsuite skipped="0" hostname="DESKTOP-PLFJC5F" name="test.TestLogin" tests="3" failures="0" timestamp="2020-04-10T15:38:03 IST" time="50.981" errors="0">
  <testcase name="selectProduct" time="39.101" classname="test.TestLogin"/>
  <testcase name="amount" time="4.938" classname="test.TestLogin"/>
  <testcase name="signin" time="6.942" classname="test.TestLogin"/>
</testsuite> <!-- test.TestLogin -->
