<?xml version="1.0" encoding="UTF-8"?>
<!-- Generated by org.testng.reporters.JUnitReportReporter -->
<testsuite skipped="0" hostname="DESKTOP-PLFJC5F" name="test.TestSignup" tests="1" failures="0" timestamp="2020-04-10T15:38:03 IST" time="15.064" errors="0">
  <testcase name="test" time="15.064" classname="test.TestSignup"/>
</testsuite> <!-- test.TestSignup -->
