<?xml version="1.0" encoding="UTF-8"?>
<!-- Generated by org.testng.reporters.JUnitReportReporter -->
<testsuite skipped="0" hostname="DESKTOP-PLFJC5F" name="test.TestLogin" tests="3" failures="0" timestamp="2020-03-29T16:12:13 IST" time="31.633" errors="0">
  <testcase name="selectProduct" time="23.646" classname="test.TestLogin"/>
  <testcase name="signin" time="3.777" classname="test.TestLogin"/>
  <testcase name="amount" time="4.210" classname="test.TestLogin"/>
</testsuite> <!-- test.TestLogin -->
